<?xml version="1.0" encoding="UTF-8"?>
<testng-results skipped="0" failed="1" ignored="0" total="9" passed="8">
  <reporter-output>
    <line>
      <![CDATA[Pass:Element is displayed]]>
    </line>
    <line>
      <![CDATA[Pass:Element is displayed]]>
    </line>
    <line>
      <![CDATA[Pass:Element is displayed]]>
    </line>
    <line>
      <![CDATA[Pass:Element is displayed]]>
    </line>
    <line>
      <![CDATA[Pass:Element is displayed]]>
    </line>
    <line>
      <![CDATA[Pass:Element is displayed]]>
    </line>
    <line>
      <![CDATA[Pass:Element is displayed]]>
    </line>
    <line>
      <![CDATA[Pass:Element is displayed]]>
    </line>
    <line>
      <![CDATA[Pass:Element is displayed]]>
    </line>
    <line>
      <![CDATA[Pass:Element is displayed]]>
    </line>
    <line>
      <![CDATA[Pass:Element is displayed]]>
    </line>
    <line>
      <![CDATA[Pass:Element is displayed]]>
    </line>
    <line>
      <![CDATA[Pass:Element is displayed]]>
    </line>
    <line>
      <![CDATA[Pass:Element is displayed]]>
    </line>
    <line>
      <![CDATA[Pass:Element is displayed]]>
    </line>
    <line>
      <![CDATA[Pass:Element is displayed]]>
    </line>
    <line>
      <![CDATA[Pass:Element is displayed]]>
    </line>
    <line>
      <![CDATA[Pass:Element is displayed]]>
    </line>
    <line>
      <![CDATA[Pass:Element is displayed]]>
    </line>
    <line>
      <![CDATA[Pass:Element is displayed]]>
    </line>
    <line>
      <![CDATA[Pass:Element is displayed]]>
    </line>
    <line>
      <![CDATA[Pass:Element is displayed]]>
    </line>
    <line>
      <![CDATA[Pass:Element is displayed]]>
    </line>
  </reporter-output>
  <suite name="Default suite" duration-ms="358211" started-at="2018-06-25T09:49:47Z" finished-at="2018-06-25T09:55:45Z">
    <groups>
    </groups>
    <test name="Default test" duration-ms="358211" started-at="2018-06-25T09:49:47Z" finished-at="2018-06-25T09:55:45Z">
      <class name="testscripts.UpdateeduTest">
        <test-method status="PASS" signature="openapp()[pri:0, instance:testscripts.UpdateeduTest@69a3d1d]" name="openapp" is-config="true" duration-ms="15509" started-at="2018-06-25T09:49:47Z" finished-at="2018-06-25T09:50:02Z">
          <reporter-output>
          </reporter-output>
        </test-method> <!-- openapp -->
        <test-method status="PASS" signature="education()[pri:0, instance:testscripts.UpdateeduTest@69a3d1d]" name="education" duration-ms="15026" started-at="2018-06-25T09:50:02Z" finished-at="2018-06-25T09:50:17Z">
          <reporter-output>
            <line>
              <![CDATA[Pass:Element is displayed]]>
            </line>
            <line>
              <![CDATA[Pass:Element is displayed]]>
            </line>
            <line>
              <![CDATA[Pass:Element is displayed]]>
            </line>
          </reporter-output>
        </test-method> <!-- education -->
        <test-method status="PASS" signature="closeapp()[pri:0, instance:testscripts.UpdateeduTest@69a3d1d]" name="closeapp" is-config="true" duration-ms="68" started-at="2018-06-25T09:50:17Z" finished-at="2018-06-25T09:50:17Z">
          <reporter-output>
          </reporter-output>
        </test-method> <!-- closeapp -->
      </class> <!-- testscripts.UpdateeduTest -->
      <class name="testscripts.PhotoTest">
        <test-method status="PASS" signature="openapp()[pri:0, instance:testscripts.PhotoTest@86be70a]" name="openapp" is-config="true" duration-ms="18448" started-at="2018-06-25T09:50:17Z" finished-at="2018-06-25T09:50:36Z">
          <reporter-output>
          </reporter-output>
        </test-method> <!-- openapp -->
        <test-method status="PASS" signature="photo()[pri:0, instance:testscripts.PhotoTest@86be70a]" name="photo" duration-ms="31860" started-at="2018-06-25T09:50:36Z" finished-at="2018-06-25T09:51:08Z">
          <reporter-output>
            <line>
              <![CDATA[Pass:Element is displayed]]>
            </line>
            <line>
              <![CDATA[Pass:Element is displayed]]>
            </line>
            <line>
              <![CDATA[Pass:Element is displayed]]>
            </line>
          </reporter-output>
        </test-method> <!-- photo -->
        <test-method status="PASS" signature="closeapp()[pri:0, instance:testscripts.PhotoTest@86be70a]" name="closeapp" is-config="true" duration-ms="2592" started-at="2018-06-25T09:51:08Z" finished-at="2018-06-25T09:51:10Z">
          <reporter-output>
          </reporter-output>
        </test-method> <!-- closeapp -->
      </class> <!-- testscripts.PhotoTest -->
      <class name="testscripts.NotifyTest">
        <test-method status="PASS" signature="openapp()[pri:0, instance:testscripts.NotifyTest@480bdb19]" name="openapp" is-config="true" duration-ms="14993" started-at="2018-06-25T09:51:10Z" finished-at="2018-06-25T09:51:25Z">
          <reporter-output>
          </reporter-output>
        </test-method> <!-- openapp -->
        <test-method status="PASS" signature="education()[pri:0, instance:testscripts.NotifyTest@480bdb19]" name="education" duration-ms="11678" started-at="2018-06-25T09:51:25Z" finished-at="2018-06-25T09:51:37Z">
          <reporter-output>
            <line>
              <![CDATA[Pass:Element is displayed]]>
            </line>
          </reporter-output>
        </test-method> <!-- education -->
        <test-method status="PASS" signature="closeapp()[pri:0, instance:testscripts.NotifyTest@480bdb19]" name="closeapp" is-config="true" duration-ms="62" started-at="2018-06-25T09:51:37Z" finished-at="2018-06-25T09:51:37Z">
          <reporter-output>
          </reporter-output>
        </test-method> <!-- closeapp -->
      </class> <!-- testscripts.NotifyTest -->
      <class name="testscripts.PendingViewTest">
        <test-method status="PASS" signature="openapp()[pri:0, instance:testscripts.PendingViewTest@2a556333]" name="openapp" is-config="true" duration-ms="17398" started-at="2018-06-25T09:51:37Z" finished-at="2018-06-25T09:51:54Z">
          <reporter-output>
          </reporter-output>
        </test-method> <!-- openapp -->
        <test-method status="PASS" signature="pending()[pri:0, instance:testscripts.PendingViewTest@2a556333]" name="pending" duration-ms="24040" started-at="2018-06-25T09:51:54Z" finished-at="2018-06-25T09:52:18Z">
          <reporter-output>
            <line>
              <![CDATA[Pass:Element is displayed]]>
            </line>
            <line>
              <![CDATA[Pass:Element is displayed]]>
            </line>
          </reporter-output>
        </test-method> <!-- pending -->
        <test-method status="PASS" signature="closeapp()[pri:0, instance:testscripts.PendingViewTest@2a556333]" name="closeapp" is-config="true" duration-ms="2888" started-at="2018-06-25T09:52:18Z" finished-at="2018-06-25T09:52:21Z">
          <reporter-output>
          </reporter-output>
        </test-method> <!-- closeapp -->
      </class> <!-- testscripts.PendingViewTest -->
      <class name="testscripts.UpdateskillsTest">
        <test-method status="PASS" signature="openapp()[pri:0, instance:testscripts.UpdateskillsTest@7d70d1b1]" name="openapp" is-config="true" duration-ms="13510" started-at="2018-06-25T09:52:21Z" finished-at="2018-06-25T09:52:35Z">
          <reporter-output>
          </reporter-output>
        </test-method> <!-- openapp -->
        <test-method status="PASS" signature="update()[pri:0, instance:testscripts.UpdateskillsTest@7d70d1b1]" name="update" duration-ms="24970" started-at="2018-06-25T09:52:35Z" finished-at="2018-06-25T09:53:00Z">
          <reporter-output>
            <line>
              <![CDATA[Pass:Element is displayed]]>
            </line>
            <line>
              <![CDATA[Pass:Element is displayed]]>
            </line>
            <line>
              <![CDATA[Pass:Element is displayed]]>
            </line>
            <line>
              <![CDATA[Pass:Element is displayed]]>
            </line>
          </reporter-output>
        </test-method> <!-- update -->
        <test-method status="PASS" signature="closeapp()[pri:0, instance:testscripts.UpdateskillsTest@7d70d1b1]" name="closeapp" is-config="true" duration-ms="3193" started-at="2018-06-25T09:53:00Z" finished-at="2018-06-25T09:53:03Z">
          <reporter-output>
          </reporter-output>
        </test-method> <!-- closeapp -->
      </class> <!-- testscripts.UpdateskillsTest -->
      <class name="testscripts.ResumeTest">
        <test-method status="PASS" signature="openapp()[pri:0, instance:testscripts.ResumeTest@2a742aa2]" name="openapp" is-config="true" duration-ms="13783" started-at="2018-06-25T09:53:03Z" finished-at="2018-06-25T09:53:17Z">
          <reporter-output>
          </reporter-output>
        </test-method> <!-- openapp -->
        <test-method status="PASS" signature="summary()[pri:0, instance:testscripts.ResumeTest@2a742aa2]" name="summary" duration-ms="13663" started-at="2018-06-25T09:53:17Z" finished-at="2018-06-25T09:53:30Z">
          <reporter-output>
            <line>
              <![CDATA[Pass:Element is displayed]]>
            </line>
            <line>
              <![CDATA[Pass:Element is displayed]]>
            </line>
            <line>
              <![CDATA[Pass:Element is displayed]]>
            </line>
          </reporter-output>
        </test-method> <!-- summary -->
        <test-method status="PASS" signature="closeapp()[pri:0, instance:testscripts.ResumeTest@2a742aa2]" name="closeapp" is-config="true" duration-ms="4243" started-at="2018-06-25T09:53:30Z" finished-at="2018-06-25T09:53:35Z">
          <reporter-output>
          </reporter-output>
        </test-method> <!-- closeapp -->
      </class> <!-- testscripts.ResumeTest -->
      <class name="testscripts.LoginTest">
        <test-method status="PASS" signature="openapp()[pri:0, instance:testscripts.LoginTest@3cb1ffe6]" name="openapp" is-config="true" duration-ms="12870" started-at="2018-06-25T09:53:35Z" finished-at="2018-06-25T09:53:47Z">
          <reporter-output>
          </reporter-output>
        </test-method> <!-- openapp -->
        <test-method status="PASS" signature="uploadingCV()[pri:0, instance:testscripts.LoginTest@3cb1ffe6]" name="uploadingCV" duration-ms="18505" started-at="2018-06-25T09:53:47Z" finished-at="2018-06-25T09:54:06Z">
          <reporter-output>
            <line>
              <![CDATA[Pass:Element is displayed]]>
            </line>
          </reporter-output>
        </test-method> <!-- uploadingCV -->
        <test-method status="PASS" signature="closeapp()[pri:0, instance:testscripts.LoginTest@3cb1ffe6]" name="closeapp" is-config="true" duration-ms="2887" started-at="2018-06-25T09:54:06Z" finished-at="2018-06-25T09:54:09Z">
          <reporter-output>
          </reporter-output>
        </test-method> <!-- closeapp -->
      </class> <!-- testscripts.LoginTest -->
      <class name="testscripts.PhonenoTest">
        <test-method status="PASS" signature="openapp()[pri:0, instance:testscripts.PhonenoTest@3dfc5fb8]" name="openapp" is-config="true" duration-ms="12884" started-at="2018-06-25T09:54:09Z" finished-at="2018-06-25T09:54:22Z">
          <reporter-output>
          </reporter-output>
        </test-method> <!-- openapp -->
        <test-method status="FAIL" signature="uploademail()[pri:0, instance:testscripts.PhonenoTest@3dfc5fb8]" name="uploademail" duration-ms="27485" started-at="2018-06-25T09:54:22Z" finished-at="2018-06-25T09:54:49Z">
          <exception class="org.openqa.selenium.ElementNotInteractableException">
            <message>
              <![CDATA[Element <a href="https://www.naukri.com/mnjuser/settings/communication"> could not be scrolled into view
Build info: version: '3.11.0', revision: 'e59cfb3', time: '2018-03-11T20:33:15.31Z'
System info: host: 'SH7-PC', ip: '192.168.31.1', os.name: 'Windows 7', os.arch: 'amd64', os.version: '6.1', java.version: '1.8.0_141'
Driver info: org.openqa.selenium.firefox.FirefoxDriver
Capabilities {acceptInsecureCerts: true, browserName: firefox, browserVersion: 60.0.2, javascriptEnabled: true, moz:accessibilityChecks: false, moz:headless: false, moz:processID: 9064, moz:profile: C:\Users\sh7\AppData\Local\..., moz:useNonSpecCompliantPointerOrigin: false, moz:webdriverClick: true, pageLoadStrategy: normal, platform: XP, platformName: XP, platformVersion: 6.1, rotatable: false, timeouts: {implicit: 0, pageLoad: 300000, script: 30000}}
Session ID: 9e93c5dc-2062-416c-849c-3c42fb2fb6cd]]>
            </message>
            <full-stacktrace>
              <![CDATA[org.openqa.selenium.ElementNotInteractableException: Element <a href="https://www.naukri.com/mnjuser/settings/communication"> could not be scrolled into view
Build info: version: '3.11.0', revision: 'e59cfb3', time: '2018-03-11T20:33:15.31Z'
System info: host: 'SH7-PC', ip: '192.168.31.1', os.name: 'Windows 7', os.arch: 'amd64', os.version: '6.1', java.version: '1.8.0_141'
Driver info: org.openqa.selenium.firefox.FirefoxDriver
Capabilities {acceptInsecureCerts: true, browserName: firefox, browserVersion: 60.0.2, javascriptEnabled: true, moz:accessibilityChecks: false, moz:headless: false, moz:processID: 9064, moz:profile: C:\Users\sh7\AppData\Local\..., moz:useNonSpecCompliantPointerOrigin: false, moz:webdriverClick: true, pageLoadStrategy: normal, platform: XP, platformName: XP, platformVersion: 6.1, rotatable: false, timeouts: {implicit: 0, pageLoad: 300000, script: 30000}}
Session ID: 9e93c5dc-2062-416c-849c-3c42fb2fb6cd
at sun.reflect.NativeConstructorAccessorImpl.newInstance0(Native Method)
at sun.reflect.NativeConstructorAccessorImpl.newInstance(Unknown Source)
at sun.reflect.DelegatingConstructorAccessorImpl.newInstance(Unknown Source)
at java.lang.reflect.Constructor.newInstance(Unknown Source)
at org.openqa.selenium.remote.http.W3CHttpResponseCodec.createException(W3CHttpResponseCodec.java:187)
at org.openqa.selenium.remote.http.W3CHttpResponseCodec.decode(W3CHttpResponseCodec.java:122)
at org.openqa.selenium.remote.http.W3CHttpResponseCodec.decode(W3CHttpResponseCodec.java:49)
at org.openqa.selenium.remote.HttpCommandExecutor.execute(HttpCommandExecutor.java:158)
at org.openqa.selenium.remote.service.DriverCommandExecutor.execute(DriverCommandExecutor.java:83)
at org.openqa.selenium.remote.RemoteWebDriver.execute(RemoteWebDriver.java:545)
at org.openqa.selenium.remote.RemoteWebElement.execute(RemoteWebElement.java:279)
at org.openqa.selenium.remote.RemoteWebElement.click(RemoteWebElement.java:83)
at sun.reflect.GeneratedMethodAccessor1.invoke(Unknown Source)
at sun.reflect.DelegatingMethodAccessorImpl.invoke(Unknown Source)
at java.lang.reflect.Method.invoke(Unknown Source)
at org.openqa.selenium.support.pagefactory.internal.LocatingElementHandler.invoke(LocatingElementHandler.java:51)
at com.sun.proxy.$Proxy9.click(Unknown Source)
at pom.PhonenoPage.settings(PhonenoPage.java:37)
at testscripts.PhonenoTest.uploademail(PhonenoTest.java:32)
at sun.reflect.NativeMethodAccessorImpl.invoke0(Native Method)
at sun.reflect.NativeMethodAccessorImpl.invoke(Unknown Source)
at sun.reflect.DelegatingMethodAccessorImpl.invoke(Unknown Source)
at java.lang.reflect.Method.invoke(Unknown Source)
at org.testng.internal.MethodInvocationHelper.invokeMethod(MethodInvocationHelper.java:124)
at org.testng.internal.Invoker.invokeMethod(Invoker.java:580)
at org.testng.internal.Invoker.invokeTestMethod(Invoker.java:716)
at org.testng.internal.Invoker.invokeTestMethods(Invoker.java:988)
at org.testng.internal.TestMethodWorker.invokeTestMethods(TestMethodWorker.java:125)
at org.testng.internal.TestMethodWorker.run(TestMethodWorker.java:109)
at org.testng.TestRunner.privateRun(TestRunner.java:648)
at org.testng.TestRunner.run(TestRunner.java:505)
at org.testng.SuiteRunner.runTest(SuiteRunner.java:455)
at org.testng.SuiteRunner.runSequentially(SuiteRunner.java:450)
at org.testng.SuiteRunner.privateRun(SuiteRunner.java:415)
at org.testng.SuiteRunner.run(SuiteRunner.java:364)
at org.testng.SuiteRunnerWorker.runSuite(SuiteRunnerWorker.java:52)
at org.testng.SuiteRunnerWorker.run(SuiteRunnerWorker.java:84)
at org.testng.TestNG.runSuitesSequentially(TestNG.java:1208)
at org.testng.TestNG.runSuitesLocally(TestNG.java:1137)
at org.testng.TestNG.runSuites(TestNG.java:1049)
at org.testng.TestNG.run(TestNG.java:1017)
at org.testng.remote.AbstractRemoteTestNG.run(AbstractRemoteTestNG.java:114)
at org.testng.remote.RemoteTestNG.initAndRun(RemoteTestNG.java:251)
at org.testng.remote.RemoteTestNG.main(RemoteTestNG.java:77)
]]>
            </full-stacktrace>
          </exception> <!-- org.openqa.selenium.ElementNotInteractableException -->
          <reporter-output>
            <line>
              <![CDATA[Pass:Element is displayed]]>
            </line>
          </reporter-output>
        </test-method> <!-- uploademail -->
        <test-method status="PASS" signature="closeapp()[pri:0, instance:testscripts.PhonenoTest@3dfc5fb8]" name="closeapp" is-config="true" duration-ms="2963" started-at="2018-06-25T09:54:49Z" finished-at="2018-06-25T09:54:52Z">
          <reporter-output>
          </reporter-output>
        </test-method> <!-- closeapp -->
      </class> <!-- testscripts.PhonenoTest -->
      <class name="testscripts.ChangeemailTest">
        <test-method status="PASS" signature="openapp()[pri:0, instance:testscripts.ChangeemailTest@467aecef]" name="openapp" is-config="true" duration-ms="14276" started-at="2018-06-25T09:54:52Z" finished-at="2018-06-25T09:55:06Z">
          <reporter-output>
          </reporter-output>
        </test-method> <!-- openapp -->
        <test-method status="PASS" signature="uploademail()[pri:0, instance:testscripts.ChangeemailTest@467aecef]" name="uploademail" duration-ms="35680" started-at="2018-06-25T09:55:06Z" finished-at="2018-06-25T09:55:42Z">
          <reporter-output>
            <line>
              <![CDATA[Pass:Element is displayed]]>
            </line>
            <line>
              <![CDATA[Pass:Element is displayed]]>
            </line>
            <line>
              <![CDATA[Pass:Element is displayed]]>
            </line>
            <line>
              <![CDATA[Pass:Element is displayed]]>
            </line>
            <line>
              <![CDATA[Pass:Element is displayed]]>
            </line>
          </reporter-output>
        </test-method> <!-- uploademail -->
        <test-method status="PASS" signature="closeapp()[pri:0, instance:testscripts.ChangeemailTest@467aecef]" name="closeapp" is-config="true" duration-ms="2642" started-at="2018-06-25T09:55:42Z" finished-at="2018-06-25T09:55:45Z">
          <reporter-output>
          </reporter-output>
        </test-method> <!-- closeapp -->
      </class> <!-- testscripts.ChangeemailTest -->
    </test> <!-- Default test -->
  </suite> <!-- Default suite -->
</testng-results>
